<?xml version="1.0" encoding="UTF-8"?>
<!-- Generated by org.testng.reporters.JUnitReportReporter -->
<testsuite hostname="GIFTECH-L-080" failures="0" tests="2" name="com.qa.test.Surat_Registration_Form" time="96.984" errors="0" timestamp="2023-02-02T17:55:25 IST" skipped="0">
  <testcase classname="com.qa.test.Surat_Registration_Form" name="intiate_browser" time="4.679"/>
  <system-out>
    <![CDATA[Browser Opened
URL Entered]]>
  </system-out>
  <testcase classname="com.qa.test.Surat_Registration_Form" name="registration_form_details" time="92.305"/>
  <system-out/>
</testsuite> <!-- com.qa.test.Surat_Registration_Form -->
